<?xml version="1.0" encoding="UTF-8"?>
<testrun name="SpringUtility Tests" project="SpringCore" tests="31" started="31" failures="0" errors="2" ignored="0">
  <testsuite name="com.baselogic.demos.SpelTests" time="0.388">
    <testcase name="testOrderNumberGenerator" classname="com.baselogic.demos.SpelTests" time="0.388"/>
  </testsuite>
  <testsuite name="com.baselogic.demos.FactoryBeanTests" time="0.377">
    <testcase name="testLegacySingletonFactoryPattern" classname="com.baselogic.demos.FactoryBeanTests" time="0.367"/>
    <testcase name="testLegacyFactoryPatternClass" classname="com.baselogic.demos.FactoryBeanTests" time="0.004"/>
    <testcase name="testCustomerWithXmlFactoryOrder" classname="com.baselogic.demos.FactoryBeanTests" time="0.002"/>
    <testcase name="testCustomerWithJavaConfigFactoryOrder" classname="com.baselogic.demos.FactoryBeanTests" time="0.004"/>
  </testsuite>
  <testsuite name="com.baselogic.demos.UtilsTests" time="0.413">
    <testcase name="showUtilsInfo" classname="com.baselogic.demos.UtilsTests" time="0.397"/>
    <testcase name="testLinkedListUtil" classname="com.baselogic.demos.UtilsTests" time="0.004"/>
    <testcase name="testSetUtil" classname="com.baselogic.demos.UtilsTests" time="0.003"/>
    <testcase name="testMapUtils" classname="com.baselogic.demos.UtilsTests" time="0.004"/>
    <testcase name="testActivity" classname="com.baselogic.demos.UtilsTests" time="0.005"/>
  </testsuite>
  <testsuite name="com.baselogic.demos.BeanFactoryPostProcessorTests" time="0.263">
    <testcase name="testAddBeanFactoryPostProcessorAlias" classname="com.baselogic.demos.BeanFactoryPostProcessorTests" time="0.263"/>
  </testsuite>
  <testsuite name="com.baselogic.demos.ProxyFactoryBeanTests" time="0.23">
    <testcase name="testCustomerWithProxyFactoryService" classname="com.baselogic.demos.ProxyFactoryBeanTests" time="0.23"/>
  </testsuite>
  <testsuite name="com.baselogic.demos.AspectTests" time="0.279">
    <testcase name="testHolder" classname="com.baselogic.demos.AspectTests" time="0.279"/>
  </testsuite>
  <testcase name="no tests in this class" classname="org.powermock.modules.junit4.common.internal.impl.JUnit4TestSuiteChunkerImpl" incomplete="true"/>
  <testsuite name="com.baselogic.service.OrderPowerMockServiceTests" time="0.362">
    <testcase name="staticRemoteMock" classname="com.baselogic.service.OrderPowerMockServiceTests" time="0.276"/>
    <testcase name="privatePartialMock" classname="com.baselogic.service.OrderPowerMockServiceTests" time="0.086"/>
  </testsuite>
  <testsuite name="com.baselogic.demos.BeanPostProcessingTests" time="0.278">
    <testcase name="testAddBeanPostProcessorNewTimestamp" classname="com.baselogic.demos.BeanPostProcessingTests" time="0.278"/>
  </testsuite>
  <testsuite name="com.baselogic.service.OrderMockServiceTests" time="0.098">
    <testcase name="testGetMessage" classname="com.baselogic.service.OrderMockServiceTests" time="0.0"/>
    <testcase name="testNonMockedTest" classname="com.baselogic.service.OrderMockServiceTests" time="0.006"/>
    <testcase name="simpleMock" classname="com.baselogic.service.OrderMockServiceTests" time="0.004"/>
    <testcase name="partialMock" classname="com.baselogic.service.OrderMockServiceTests" time="0.018"/>
    <testcase name="mockException" classname="com.baselogic.service.OrderMockServiceTests" time="0.004"/>
    <testcase name="stubVoidMock" classname="com.baselogic.service.OrderMockServiceTests" time="0.003"/>
    <testcase name="multipleCallsToMock" classname="com.baselogic.service.OrderMockServiceTests" time="0.005"/>
    <testcase name="mockUnImplementedService" classname="com.baselogic.service.OrderMockServiceTests" time="0.003"/>
    <testcase name="timeDelayMock" classname="com.baselogic.service.OrderMockServiceTests" time="0.055"/>
  </testsuite>
  <testsuite name="com.baselogic.demos.PropertyEditorTests" time="0.028">
    <testcase name="testCustomerPhoneNumberEditor" classname="com.baselogic.demos.PropertyEditorTests" time="0.026"/>
    <testcase name="testNeedMoreExamples" classname="com.baselogic.demos.PropertyEditorTests" time="0.002"/>
  </testsuite>
  <testsuite name="com.baselogic.demos.SimpleTests" time="0.131">
    <testcase name="testSingletonPropertyInjectionComponent" classname="com.baselogic.demos.SimpleTests" time="0.072">
      <error>java.lang.IllegalStateException: Failed to load ApplicationContext&#13;
	at org.springframework.test.context.TestContext.getApplicationContext(TestContext.java:157)&#13;
	at org.springframework.test.context.support.DependencyInjectionTestExecutionListener.injectDependencies(DependencyInjectionTestExecutionListener.java:109)&#13;
	at org.springframework.test.context.support.DependencyInjectionTestExecutionListener.prepareTestInstance(DependencyInjectionTestExecutionListener.java:75)&#13;
	at org.springframework.test.context.TestContextManager.prepareTestInstance(TestContextManager.java:321)&#13;
	at org.springframework.test.context.junit4.SpringJUnit4ClassRunner.createTest(SpringJUnit4ClassRunner.java:211)&#13;
	at org.springframework.test.context.junit4.SpringJUnit4ClassRunner$1.runReflectiveCall(SpringJUnit4ClassRunner.java:288)&#13;
	at org.junit.internal.runners.model.ReflectiveCallable.run(ReflectiveCallable.java:15)&#13;
	at org.springframework.test.context.junit4.SpringJUnit4ClassRunner.methodBlock(SpringJUnit4ClassRunner.java:290)&#13;
	at org.springframework.test.context.junit4.SpringJUnit4ClassRunner.runChild(SpringJUnit4ClassRunner.java:231)&#13;
	at org.junit.runners.BlockJUnit4ClassRunner.runChild(BlockJUnit4ClassRunner.java:47)&#13;
	at org.junit.runners.ParentRunner$3.run(ParentRunner.java:231)&#13;
	at org.junit.runners.ParentRunner$1.schedule(ParentRunner.java:60)&#13;
	at org.junit.runners.ParentRunner.runChildren(ParentRunner.java:229)&#13;
	at org.junit.runners.ParentRunner.access$000(ParentRunner.java:50)&#13;
	at org.junit.runners.ParentRunner$2.evaluate(ParentRunner.java:222)&#13;
	at org.springframework.test.context.junit4.statements.RunBeforeTestClassCallbacks.evaluate(RunBeforeTestClassCallbacks.java:61)&#13;
	at org.springframework.test.context.junit4.statements.RunAfterTestClassCallbacks.evaluate(RunAfterTestClassCallbacks.java:71)&#13;
	at org.junit.runners.ParentRunner.run(ParentRunner.java:300)&#13;
	at org.springframework.test.context.junit4.SpringJUnit4ClassRunner.run(SpringJUnit4ClassRunner.java:174)&#13;
	at org.eclipse.jdt.internal.junit4.runner.JUnit4TestReference.run(JUnit4TestReference.java:50)&#13;
	at org.eclipse.jdt.internal.junit.runner.TestExecution.run(TestExecution.java:38)&#13;
	at org.eclipse.jdt.internal.junit.runner.RemoteTestRunner.runTests(RemoteTestRunner.java:467)&#13;
	at org.eclipse.jdt.internal.junit.runner.RemoteTestRunner.runTests(RemoteTestRunner.java:683)&#13;
	at org.eclipse.jdt.internal.junit.runner.RemoteTestRunner.run(RemoteTestRunner.java:390)&#13;
	at org.eclipse.jdt.internal.junit.runner.RemoteTestRunner.main(RemoteTestRunner.java:197)&#13;
Caused by: org.springframework.beans.factory.CannotLoadBeanClassException: Cannot find class [com.baselogic.service.SimpleComponent] for bean with name 'simpleComponent' defined in class path resource [META-INF/spring/simple.xml]; nested exception is java.lang.ClassNotFoundException: com.baselogic.service.SimpleComponent&#13;
	at org.springframework.beans.factory.support.AbstractBeanFactory.resolveBeanClass(AbstractBeanFactory.java:1262)&#13;
	at org.springframework.beans.factory.support.AbstractAutowireCapableBeanFactory.predictBeanType(AbstractAutowireCapableBeanFactory.java:576)&#13;
	at org.springframework.beans.factory.support.AbstractBeanFactory.isFactoryBean(AbstractBeanFactory.java:1331)&#13;
	at org.springframework.beans.factory.support.AbstractBeanFactory.isFactoryBean(AbstractBeanFactory.java:897)&#13;
	at org.springframework.beans.factory.support.DefaultListableBeanFactory.preInstantiateSingletons(DefaultListableBeanFactory.java:566)&#13;
	at org.springframework.context.support.AbstractApplicationContext.finishBeanFactoryInitialization(AbstractApplicationContext.java:913)&#13;
	at org.springframework.context.support.AbstractApplicationContext.refresh(AbstractApplicationContext.java:464)&#13;
	at org.springframework.test.context.support.AbstractGenericContextLoader.loadContext(AbstractGenericContextLoader.java:103)&#13;
	at org.springframework.test.context.support.AbstractGenericContextLoader.loadContext(AbstractGenericContextLoader.java:1)&#13;
	at org.springframework.test.context.support.DelegatingSmartContextLoader.loadContext(DelegatingSmartContextLoader.java:228)&#13;
	at org.springframework.test.context.TestContext.loadApplicationContext(TestContext.java:124)&#13;
	at org.springframework.test.context.TestContext.getApplicationContext(TestContext.java:148)&#13;
	... 24 more&#13;
Caused by: java.lang.ClassNotFoundException: com.baselogic.service.SimpleComponent&#13;
	at java.net.URLClassLoader$1.run(URLClassLoader.java:202)&#13;
	at java.security.AccessController.doPrivileged(Native Method)&#13;
	at java.net.URLClassLoader.findClass(URLClassLoader.java:190)&#13;
	at java.lang.ClassLoader.loadClass(ClassLoader.java:306)&#13;
	at sun.misc.Launcher$AppClassLoader.loadClass(Launcher.java:301)&#13;
	at java.lang.ClassLoader.loadClass(ClassLoader.java:247)&#13;
	at org.springframework.util.ClassUtils.forName(ClassUtils.java:257)&#13;
	at org.springframework.beans.factory.support.AbstractBeanDefinition.resolveBeanClass(AbstractBeanDefinition.java:417)&#13;
	at org.springframework.beans.factory.support.AbstractBeanFactory.doResolveBeanClass(AbstractBeanFactory.java:1283)&#13;
	at org.springframework.beans.factory.support.AbstractBeanFactory.resolveBeanClass(AbstractBeanFactory.java:1254)&#13;
	... 35 more&#13;
&#13;
</error>
    </testcase>
    <testcase name="testPrototypePropertyInjectionComponent" classname="com.baselogic.demos.SimpleTests" time="0.059">
      <error>java.lang.IllegalStateException: Failed to load ApplicationContext&#13;
	at org.springframework.test.context.TestContext.getApplicationContext(TestContext.java:157)&#13;
	at org.springframework.test.context.support.DependencyInjectionTestExecutionListener.injectDependencies(DependencyInjectionTestExecutionListener.java:109)&#13;
	at org.springframework.test.context.support.DependencyInjectionTestExecutionListener.prepareTestInstance(DependencyInjectionTestExecutionListener.java:75)&#13;
	at org.springframework.test.context.TestContextManager.prepareTestInstance(TestContextManager.java:321)&#13;
	at org.springframework.test.context.junit4.SpringJUnit4ClassRunner.createTest(SpringJUnit4ClassRunner.java:211)&#13;
	at org.springframework.test.context.junit4.SpringJUnit4ClassRunner$1.runReflectiveCall(SpringJUnit4ClassRunner.java:288)&#13;
	at org.junit.internal.runners.model.ReflectiveCallable.run(ReflectiveCallable.java:15)&#13;
	at org.springframework.test.context.junit4.SpringJUnit4ClassRunner.methodBlock(SpringJUnit4ClassRunner.java:290)&#13;
	at org.springframework.test.context.junit4.SpringJUnit4ClassRunner.runChild(SpringJUnit4ClassRunner.java:231)&#13;
	at org.junit.runners.BlockJUnit4ClassRunner.runChild(BlockJUnit4ClassRunner.java:47)&#13;
	at org.junit.runners.ParentRunner$3.run(ParentRunner.java:231)&#13;
	at org.junit.runners.ParentRunner$1.schedule(ParentRunner.java:60)&#13;
	at org.junit.runners.ParentRunner.runChildren(ParentRunner.java:229)&#13;
	at org.junit.runners.ParentRunner.access$000(ParentRunner.java:50)&#13;
	at org.junit.runners.ParentRunner$2.evaluate(ParentRunner.java:222)&#13;
	at org.springframework.test.context.junit4.statements.RunBeforeTestClassCallbacks.evaluate(RunBeforeTestClassCallbacks.java:61)&#13;
	at org.springframework.test.context.junit4.statements.RunAfterTestClassCallbacks.evaluate(RunAfterTestClassCallbacks.java:71)&#13;
	at org.junit.runners.ParentRunner.run(ParentRunner.java:300)&#13;
	at org.springframework.test.context.junit4.SpringJUnit4ClassRunner.run(SpringJUnit4ClassRunner.java:174)&#13;
	at org.eclipse.jdt.internal.junit4.runner.JUnit4TestReference.run(JUnit4TestReference.java:50)&#13;
	at org.eclipse.jdt.internal.junit.runner.TestExecution.run(TestExecution.java:38)&#13;
	at org.eclipse.jdt.internal.junit.runner.RemoteTestRunner.runTests(RemoteTestRunner.java:467)&#13;
	at org.eclipse.jdt.internal.junit.runner.RemoteTestRunner.runTests(RemoteTestRunner.java:683)&#13;
	at org.eclipse.jdt.internal.junit.runner.RemoteTestRunner.run(RemoteTestRunner.java:390)&#13;
	at org.eclipse.jdt.internal.junit.runner.RemoteTestRunner.main(RemoteTestRunner.java:197)&#13;
Caused by: org.springframework.beans.factory.CannotLoadBeanClassException: Cannot find class [com.baselogic.service.SimpleComponent] for bean with name 'simpleComponent' defined in class path resource [META-INF/spring/simple.xml]; nested exception is java.lang.ClassNotFoundException: com.baselogic.service.SimpleComponent&#13;
	at org.springframework.beans.factory.support.AbstractBeanFactory.resolveBeanClass(AbstractBeanFactory.java:1262)&#13;
	at org.springframework.beans.factory.support.AbstractAutowireCapableBeanFactory.predictBeanType(AbstractAutowireCapableBeanFactory.java:576)&#13;
	at org.springframework.beans.factory.support.AbstractBeanFactory.isFactoryBean(AbstractBeanFactory.java:1331)&#13;
	at org.springframework.beans.factory.support.AbstractBeanFactory.isFactoryBean(AbstractBeanFactory.java:897)&#13;
	at org.springframework.beans.factory.support.DefaultListableBeanFactory.preInstantiateSingletons(DefaultListableBeanFactory.java:566)&#13;
	at org.springframework.context.support.AbstractApplicationContext.finishBeanFactoryInitialization(AbstractApplicationContext.java:913)&#13;
	at org.springframework.context.support.AbstractApplicationContext.refresh(AbstractApplicationContext.java:464)&#13;
	at org.springframework.test.context.support.AbstractGenericContextLoader.loadContext(AbstractGenericContextLoader.java:103)&#13;
	at org.springframework.test.context.support.AbstractGenericContextLoader.loadContext(AbstractGenericContextLoader.java:1)&#13;
	at org.springframework.test.context.support.DelegatingSmartContextLoader.loadContext(DelegatingSmartContextLoader.java:228)&#13;
	at org.springframework.test.context.TestContext.loadApplicationContext(TestContext.java:124)&#13;
	at org.springframework.test.context.TestContext.getApplicationContext(TestContext.java:148)&#13;
	... 24 more&#13;
Caused by: java.lang.ClassNotFoundException: com.baselogic.service.SimpleComponent&#13;
	at java.net.URLClassLoader$1.run(URLClassLoader.java:202)&#13;
	at java.security.AccessController.doPrivileged(Native Method)&#13;
	at java.net.URLClassLoader.findClass(URLClassLoader.java:190)&#13;
	at java.lang.ClassLoader.loadClass(ClassLoader.java:306)&#13;
	at sun.misc.Launcher$AppClassLoader.loadClass(Launcher.java:301)&#13;
	at java.lang.ClassLoader.loadClass(ClassLoader.java:247)&#13;
	at org.springframework.util.ClassUtils.forName(ClassUtils.java:257)&#13;
	at org.springframework.beans.factory.support.AbstractBeanDefinition.resolveBeanClass(AbstractBeanDefinition.java:417)&#13;
	at org.springframework.beans.factory.support.AbstractBeanFactory.doResolveBeanClass(AbstractBeanFactory.java:1283)&#13;
	at org.springframework.beans.factory.support.AbstractBeanFactory.resolveBeanClass(AbstractBeanFactory.java:1254)&#13;
	... 35 more&#13;
&#13;
</error>
    </testcase>
  </testsuite>
  <testsuite name="com.baselogic.service.ExampleConfigurationTests" time="0.348">
    <testcase name="testInitializationSteps" classname="com.baselogic.service.ExampleConfigurationTests" time="0.298"/>
    <testcase name="testBeansInContext" classname="com.baselogic.service.ExampleConfigurationTests" time="0.05"/>
  </testsuite>
</testrun>
