<?xml version="1.0" encoding="UTF-8"?>
<testrun name="SpringCore Tests" project="SpringCore" tests="30" started="30" failures="0" errors="1" ignored="0">
  <testsuite name="com.baselogic.demos.SpelTests" time="0.441">
    <testcase name="testOrderNumberGenerator" classname="com.baselogic.demos.SpelTests" time="0.441"/>
  </testsuite>
  <testsuite name="com.baselogic.demos.FactoryBeanTests" time="0.409">
    <testcase name="testLegacySingletonFactoryPattern" classname="com.baselogic.demos.FactoryBeanTests" time="0.401"/>
    <testcase name="testLegacyFactoryPatternClass" classname="com.baselogic.demos.FactoryBeanTests" time="0.003"/>
    <testcase name="testCustomerWithXmlFactoryOrder" classname="com.baselogic.demos.FactoryBeanTests" time="0.005">
      <error>org.springframework.beans.factory.NoSuchBeanDefinitionException: No unique bean of type [com.baselogic.domain.Customer] is defined: expected single bean but found 2: customer,javaConfigCustomer&#13;
	at org.springframework.beans.factory.support.DefaultListableBeanFactory.getBean(DefaultListableBeanFactory.java:271)&#13;
	at org.springframework.context.support.AbstractApplicationContext.getBean(AbstractApplicationContext.java:1101)&#13;
	at com.baselogic.demos.FactoryBeanTests.testCustomerWithXmlFactoryOrder(FactoryBeanTests.java:110)&#13;
	at sun.reflect.NativeMethodAccessorImpl.invoke0(Native Method)&#13;
	at sun.reflect.NativeMethodAccessorImpl.invoke(NativeMethodAccessorImpl.java:39)&#13;
	at sun.reflect.DelegatingMethodAccessorImpl.invoke(DelegatingMethodAccessorImpl.java:25)&#13;
	at java.lang.reflect.Method.invoke(Method.java:597)&#13;
	at org.junit.runners.model.FrameworkMethod$1.runReflectiveCall(FrameworkMethod.java:45)&#13;
	at org.junit.internal.runners.model.ReflectiveCallable.run(ReflectiveCallable.java:15)&#13;
	at org.junit.runners.model.FrameworkMethod.invokeExplosively(FrameworkMethod.java:42)&#13;
	at org.junit.internal.runners.statements.InvokeMethod.evaluate(InvokeMethod.java:20)&#13;
	at org.springframework.test.context.junit4.statements.RunBeforeTestMethodCallbacks.evaluate(RunBeforeTestMethodCallbacks.java:74)&#13;
	at org.springframework.test.context.junit4.statements.RunAfterTestMethodCallbacks.evaluate(RunAfterTestMethodCallbacks.java:83)&#13;
	at org.springframework.test.context.junit4.statements.SpringRepeat.evaluate(SpringRepeat.java:72)&#13;
	at org.springframework.test.context.junit4.SpringJUnit4ClassRunner.runChild(SpringJUnit4ClassRunner.java:231)&#13;
	at org.junit.runners.BlockJUnit4ClassRunner.runChild(BlockJUnit4ClassRunner.java:47)&#13;
	at org.junit.runners.ParentRunner$3.run(ParentRunner.java:231)&#13;
	at org.junit.runners.ParentRunner$1.schedule(ParentRunner.java:60)&#13;
	at org.junit.runners.ParentRunner.runChildren(ParentRunner.java:229)&#13;
	at org.junit.runners.ParentRunner.access$000(ParentRunner.java:50)&#13;
	at org.junit.runners.ParentRunner$2.evaluate(ParentRunner.java:222)&#13;
	at org.springframework.test.context.junit4.statements.RunBeforeTestClassCallbacks.evaluate(RunBeforeTestClassCallbacks.java:61)&#13;
	at org.springframework.test.context.junit4.statements.RunAfterTestClassCallbacks.evaluate(RunAfterTestClassCallbacks.java:71)&#13;
	at org.junit.runners.ParentRunner.run(ParentRunner.java:300)&#13;
	at org.springframework.test.context.junit4.SpringJUnit4ClassRunner.run(SpringJUnit4ClassRunner.java:174)&#13;
	at org.eclipse.jdt.internal.junit4.runner.JUnit4TestReference.run(JUnit4TestReference.java:50)&#13;
	at org.eclipse.jdt.internal.junit.runner.TestExecution.run(TestExecution.java:38)&#13;
	at org.eclipse.jdt.internal.junit.runner.RemoteTestRunner.runTests(RemoteTestRunner.java:467)&#13;
	at org.eclipse.jdt.internal.junit.runner.RemoteTestRunner.runTests(RemoteTestRunner.java:683)&#13;
	at org.eclipse.jdt.internal.junit.runner.RemoteTestRunner.run(RemoteTestRunner.java:390)&#13;
	at org.eclipse.jdt.internal.junit.runner.RemoteTestRunner.main(RemoteTestRunner.java:197)&#13;
&#13;
</error>
    </testcase>
  </testsuite>
  <testsuite name="com.baselogic.demos.UtilsTests" time="0.502">
    <testcase name="showUtilsInfo" classname="com.baselogic.demos.UtilsTests" time="0.492"/>
    <testcase name="testLinkedListUtil" classname="com.baselogic.demos.UtilsTests" time="0.0"/>
    <testcase name="testSetUtil" classname="com.baselogic.demos.UtilsTests" time="0.005"/>
    <testcase name="testMapUtils" classname="com.baselogic.demos.UtilsTests" time="0.001"/>
    <testcase name="testActivity" classname="com.baselogic.demos.UtilsTests" time="0.004"/>
  </testsuite>
  <testsuite name="com.baselogic.demos.BeanFactoryPostProcessorTests" time="0.3">
    <testcase name="testAddBeanFactoryPostProcessorAlias" classname="com.baselogic.demos.BeanFactoryPostProcessorTests" time="0.3"/>
  </testsuite>
  <testsuite name="com.baselogic.demos.ProxyFactoryBeanTests" time="0.294">
    <testcase name="testCustomerWithProxyFactoryService" classname="com.baselogic.demos.ProxyFactoryBeanTests" time="0.294"/>
  </testsuite>
  <testsuite name="com.baselogic.demos.AspectTests" time="0.206">
    <testcase name="testHolder" classname="com.baselogic.demos.AspectTests" time="0.206"/>
  </testsuite>
  <testcase name="no tests in this class" classname="org.powermock.modules.junit4.common.internal.impl.JUnit4TestSuiteChunkerImpl" incomplete="true"/>
  <testsuite name="com.baselogic.service.OrderPowerMockServiceTests" time="0.309">
    <testcase name="staticRemoteMock" classname="com.baselogic.service.OrderPowerMockServiceTests" time="0.237"/>
    <testcase name="privatePartialMock" classname="com.baselogic.service.OrderPowerMockServiceTests" time="0.072"/>
  </testsuite>
  <testsuite name="com.baselogic.demos.BeanPostProcessingTests" time="0.272">
    <testcase name="testAddBeanPostProcessorNewTimestamp" classname="com.baselogic.demos.BeanPostProcessingTests" time="0.272"/>
  </testsuite>
  <testsuite name="com.baselogic.service.OrderMockServiceTests" time="0.161">
    <testcase name="testGetMessage" classname="com.baselogic.service.OrderMockServiceTests" time="0.006"/>
    <testcase name="testNonMockedTest" classname="com.baselogic.service.OrderMockServiceTests" time="0.004"/>
    <testcase name="simpleMock" classname="com.baselogic.service.OrderMockServiceTests" time="0.02"/>
    <testcase name="partialMock" classname="com.baselogic.service.OrderMockServiceTests" time="0.049"/>
    <testcase name="mockException" classname="com.baselogic.service.OrderMockServiceTests" time="0.006"/>
    <testcase name="stubVoidMock" classname="com.baselogic.service.OrderMockServiceTests" time="0.012"/>
    <testcase name="multipleCallsToMock" classname="com.baselogic.service.OrderMockServiceTests" time="0.005"/>
    <testcase name="mockUnImplementedService" classname="com.baselogic.service.OrderMockServiceTests" time="0.004"/>
    <testcase name="timeDelayMock" classname="com.baselogic.service.OrderMockServiceTests" time="0.055"/>
  </testsuite>
  <testsuite name="com.baselogic.demos.PropertyEditorTests" time="0.04">
    <testcase name="testCustomerPhoneNumberEditor" classname="com.baselogic.demos.PropertyEditorTests" time="0.038"/>
    <testcase name="testNeedMoreExamples" classname="com.baselogic.demos.PropertyEditorTests" time="0.002"/>
  </testsuite>
  <testsuite name="com.baselogic.demos.SimpleTests" time="0.105">
    <testcase name="testSingletonPropertyInjectionComponent" classname="com.baselogic.demos.SimpleTests" time="0.103"/>
    <testcase name="testPrototypePropertyInjectionComponent" classname="com.baselogic.demos.SimpleTests" time="0.002"/>
  </testsuite>
  <testsuite name="com.baselogic.service.ExampleConfigurationTests" time="0.353">
    <testcase name="testInitializationSteps" classname="com.baselogic.service.ExampleConfigurationTests" time="0.315"/>
    <testcase name="testBeansInContext" classname="com.baselogic.service.ExampleConfigurationTests" time="0.038"/>
  </testsuite>
</testrun>
